<?xml version="1.0" encoding="UTF-8"?>
<!-- Generated by org.testng.reporters.JUnitReportReporter -->
<testsuite hostname="DESKTOP-TIF1796" failures="0" tests="1" name="com.OrangeHRMS_Test.LoginTest" time="5.771" errors="0" timestamp="2024-11-12T16:43:11 IST" skipped="0">
  <testcase classname="com.OrangeHRMS_Test.LoginTest" name="Login" time="5.771"/>
  <system-out/>
</testsuite> <!-- com.OrangeHRMS_Test.LoginTest -->
